<?xml version="1.0" encoding="UTF-8"?>
<!-- Generated by org.testng.reporters.JUnitReportReporter -->
<testsuite skipped="0" hostname="LAPTOP-1OPG4PT1" name="com.actitime.scripts.LoginTest" tests="2" failures="0" timestamp="2020-07-18T15:22:25 IST" time="31.787" errors="0">
  <testcase name="validLogin" time="23.475" classname="com.actitime.scripts.LoginTest"/>
  <system-out>
Home Page Title is verified validLogin Script Result is passed  </system-out>
  <testcase name="invalidLogin" time="8.312" classname="com.actitime.scripts.LoginTest"/>
  <system-out>
Invalid Login Message is verified invalidLogin Script Result is passed  </system-out>
</testsuite> <!-- com.actitime.scripts.LoginTest -->
